<?xml version="1.0" encoding="UTF-8" ?>
<testsuites errors="0"
            failures="0"
            tests="0">

  <testsuite name="analyzed_results_spec"
    errors="0" failures="0" hostname="" id="" package="analyzed_results_spec" skipped="2"
    tests="0" time="0" timestamp="">
  

  

    

  
    
    <testcase
      name="should gets analyzed results when user selects a given problem" classname="analyzed_results_spec">
      <skipped />
    </testcase>
    
    <testcase
      name="should shows an analyzed result edit form when user clicks on a edit link associated" classname="analyzed_results_spec">
      <skipped />
    </testcase>
    
  
  </testsuite>
</testsuites>
