<?xml version="1.0" encoding="UTF-8" ?>
<testsuites errors="1"
            failures="0"
            tests="0">

  <testsuite name="analyzed_results_#1_spec"
    errors="1" failures="0" hostname="" id="" package="analyzed_results_#1_spec" skipped="1"
    tests="0" time="0.000" timestamp="">
  

  
    <system-err>
       An error occurred while creating a new ChromeDriver session: [SessionNotCreatedError] session not created: This version of ChromeDriver only supports Chrome version 107
Current browser version is 112.0.5615.121 with binary path /Applications/Google Chrome.app/Contents/MacOS/Google Chrome
  Verify if ChromeDriver is configured correctly; using:
  {
     start_process: true,
     server_path: &#39;/Users/daniel/riskmanager/frontend/web/riskmanager/node_modules/chromedriver/lib/chromedriver/chromedriver&#39;,
     port: 9515,
     host: &#39;localhost&#39;,
     ssl: false,
     default_path_prefix: &#39;&#39;,
     proxy: undefined,
     cli_args: {}
  }

 
  More info might be available in the log file: /Users/daniel/riskmanager/frontend/web/riskmanager/logs/analyzed_result_edit_#1_spec_chromedriver.log
 An error occurred while creating a new ChromeDriver session: [SessionNotCreatedError] session not created: This version of ChromeDriver only supports Chrome version 107
Current browser version is 112.0.5615.121 with binary path /Applications/Google Chrome.app/Contents/MacOS/Google Chrome
  Verify if ChromeDriver is configured correctly; using:
  {
     start_process: true,
     server_path: &#39;/Users/daniel/riskmanager/frontend/web/riskmanager/node_modules/chromedriver/lib/chromedriver/chromedriver&#39;,
     port: 9515,
     host: &#39;localhost&#39;,
     ssl: false,
     default_path_prefix: &#39;&#39;,
     proxy: undefined,
     cli_args: {}
  }

 
  More info might be available in the log file: /Users/daniel/riskmanager/frontend/web/riskmanager/logs/analyzed_result_edit_#2_spec_chromedriver.log
 An error occurred while creating a new ChromeDriver session: [SessionNotCreatedError] session not created: This version of ChromeDriver only supports Chrome version 107
Current browser version is 112.0.5615.121 with binary path /Applications/Google Chrome.app/Contents/MacOS/Google Chrome
  Verify if ChromeDriver is configured correctly; using:
  {
     start_process: true,
     server_path: &#39;/Users/daniel/riskmanager/frontend/web/riskmanager/node_modules/chromedriver/lib/chromedriver/chromedriver&#39;,
     port: 9515,
     host: &#39;localhost&#39;,
     ssl: false,
     default_path_prefix: &#39;&#39;,
     proxy: undefined,
     cli_args: {}
  }

 
  More info might be available in the log file: /Users/daniel/riskmanager/frontend/web/riskmanager/logs/analyzed_results_#1_spec_chromedriver.log
 An error occurred while creating a new ChromeDriver session: [SessionNotCreatedError] session not created: This version of ChromeDriver only supports Chrome version 107
Current browser version is 112.0.5615.121 with binary path /Applications/Google Chrome.app/Contents/MacOS/Google Chrome
  Verify if ChromeDriver is configured correctly; using:
  {
     start_process: true,
     server_path: &#39;/Users/daniel/riskmanager/frontend/web/riskmanager/node_modules/chromedriver/lib/chromedriver/chromedriver&#39;,
     port: 9515,
     host: &#39;localhost&#39;,
     ssl: false,
     default_path_prefix: &#39;&#39;,
     proxy: undefined,
     cli_args: {}
  }

 
  More info might be available in the log file: /Users/daniel/riskmanager/frontend/web/riskmanager/logs/analyzed_results_#2_spec_chromedriver.log
    </system-err>
  

    
    <error message="An error occurred while creating a new ChromeDriver session: [SessionNotCreatedError] session not created: This version of ChromeDriver only supports Chrome version 107
Current browser version is 112.0.5615.121 with binary path /Applications/Google Chrome.app/Contents/MacOS/Google Chrome"><![CDATA[
      SessionNotCreatedError: An error occurred while creating a new ChromeDriver session: [SessionNotCreatedError] session not created: This version of ChromeDriver only supports Chrome version 107
Current browser version is 112.0.5615.121 with binary path /Applications/Google Chrome.app/Contents/MacOS/Google Chrome
    at Object.throwDecodedError (/Users/daniel/riskmanager/frontend/web/riskmanager/node_modules/selenium-webdriver/lib/error.js:522:15)
    at parseHttpResponse (/Users/daniel/riskmanager/frontend/web/riskmanager/node_modules/selenium-webdriver/lib/http.js:589:13)
    at Executor.execute (/Users/daniel/riskmanager/frontend/web/riskmanager/node_modules/selenium-webdriver/lib/http.js:514:28)
    at processTicksAndRejections (node:internal/process/task_queues:96:5)
      ]]></error>  

  
    
    <testcase
      name="should gets analyzed results when user selects a given problem" classname="analyzed_results_#1_spec">
      <skipped />
    </testcase>
    
  
  </testsuite>
</testsuites>
