<?xml version="1.0" encoding="UTF-8" ?>
<testsuites errors="0"
            failures="0"
            tests="0">

  <testsuite name="analyzed_result_edit_#1_spec"
    errors="0" failures="0" hostname="" id="" package="analyzed_result_edit_#1_spec" skipped="2"
    tests="0" time="0" timestamp="">
  

  

    

  
    
    <testcase
      name="should gets risk level when user selects probability and impact level given a problem and an action plan" classname="analyzed_result_edit_#1_spec">
      <skipped />
    </testcase>
    
    <testcase
      name="should gets risk level when user selects impact and probability level given a problem and an action plan" classname="analyzed_result_edit_#1_spec">
      <skipped />
    </testcase>
    
  
  </testsuite>
</testsuites>
